
> landing-page-template@0.1.0 dev /app
> next dev --turbo

▲ Next.js 16.1.3 (Turbopack)
- Local:         http://localhost:3000
- Network:       http://192.168.0.2:3000
- Environments: .env

✓ Starting...
✓ Ready in 1380ms
 GET /login 200 in 2.1s (compile: 1225ms, render: 883ms)
 GET /api/auth/providers 200 in 1263ms (compile: 1228ms, render: 35ms)
 GET /api/auth/csrf 200 in 36ms (compile: 25ms, render: 12ms)
prisma:query SELECT `main`.`User`.`id`, `main`.`User`.`name`, `main`.`User`.`email`, `main`.`User`.`emailVerified`, `main`.`User`.`image`, `main`.`User`.`password` FROM `main`.`User` WHERE (`main`.`User`.`email` = ? AND 1=1) LIMIT ? OFFSET ?
 POST /api/auth/callback/credentials 200 in 194ms (compile: 5ms, render: 189ms)
 GET /dashboard 200 in 743ms (compile: 685ms, render: 57ms)
prisma:query SELECT `main`.`DayLog`.`id`, `main`.`DayLog`.`date`, `main`.`DayLog`.`productivityScore` FROM `main`.`DayLog` WHERE (`main`.`DayLog`.`userId` = ? AND `main`.`DayLog`.`date` >= ? AND `main`.`DayLog`.`date` <= ?) LIMIT ? OFFSET ?
[TRPC] journal.getYearlyStats took 410ms to execute
 GET /api/trpc/journal.getYearlyStats?batch=1&input=%7B%220%22%3A%7B%22json%22%3A%7B%22year%22%3A2026%7D%7D%7D 200 in 1517ms (compile: 1079ms, render: 438ms)
 GET /login 200 in 82ms (compile: 6ms, render: 76ms)
 GET /api/auth/providers 200 in 40ms (compile: 28ms, render: 12ms)
 GET /api/auth/csrf 200 in 15ms (compile: 5ms, render: 10ms)
prisma:query SELECT 1
prisma:query SELECT `main`.`User`.`id`, `main`.`User`.`name`, `main`.`User`.`email`, `main`.`User`.`emailVerified`, `main`.`User`.`image`, `main`.`User`.`password` FROM `main`.`User` WHERE (`main`.`User`.`email` = ? AND 1=1) LIMIT ? OFFSET ?
 POST /api/auth/callback/credentials 200 in 154ms (compile: 4ms, render: 151ms)
 GET /dashboard 200 in 38ms (compile: 4ms, render: 34ms)
prisma:query SELECT `main`.`DayLog`.`id`, `main`.`DayLog`.`date`, `main`.`DayLog`.`productivityScore` FROM `main`.`DayLog` WHERE (`main`.`DayLog`.`userId` = ? AND `main`.`DayLog`.`date` >= ? AND `main`.`DayLog`.`date` <= ?) LIMIT ? OFFSET ?
[TRPC] journal.getYearlyStats took 161ms to execute
 GET /api/trpc/journal.getYearlyStats?batch=1&input=%7B%220%22%3A%7B%22json%22%3A%7B%22year%22%3A2026%7D%7D%7D 200 in 217ms (compile: 26ms, render: 191ms)
 GET /dashboard/month 200 in 1108ms (compile: 1021ms, render: 87ms)
 GET /dashboard/month 200 in 37ms (compile: 3ms, render: 34ms)
prisma:query SELECT `main`.`DayLog`.`id`, `main`.`DayLog`.`date`, `main`.`DayLog`.`productivityScore`, `main`.`DayLog`.`mood`, `main`.`DayLog`.`content` FROM `main`.`DayLog` WHERE (`main`.`DayLog`.`userId` = ? AND `main`.`DayLog`.`date` >= ? AND `main`.`DayLog`.`date` <= ?) LIMIT ? OFFSET ?
[TRPC] journal.getMonthlyStats took 305ms to execute
 GET /api/trpc/journal.getMonthlyStats?batch=1&input=%7B%220%22%3A%7B%22json%22%3A%7B%22year%22%3A2026%2C%22month%22%3A1%7D%7D%7D 200 in 350ms (compile: 27ms, render: 323ms)
